[ezzaim.com/icon/fav.png]
[ezzaim.com/css/index.css]
[backblue.gif]
[fade.gif]
[index.html]
[ezzaim.com/javascript/index.js]
[ezzaim.com/files/EZZAIM_SOUFIANE_RESUME.pdf]
[ezzaim.com/pic/EZZAIM_Soufiane.jpg]
[ezzaim.com/pic/ensias_logo.png]
[ezzaim.com/pic/100.png]
[ezzaim.com/files/Pre-Print_Automobile Insurance Claims Auditing.pdf]
[ezzaim.com/pic/compilers.png]
[ezzaim.com/pic/dementia.png]
[ezzaim.com/pic/morse.jpg]
[ezzaim.com/pic/LPD.png]
[ezzaim.com/pic/mask.png]
[ezzaim.com/pic/proxy.png]
[ezzaim.com/pic/ilo.png]
[ezzaim.com/pic/msda.png]
[ezzaim.com/pic/bridge_logo.jpg]
[ezzaim.com/pic/EITC]
[ezzaim.com/index.html]
[ezzaim.com/pic/IEEElogo.png]
[ezzaim.com/css/index.css]
[ezzaim.com/pic/index_home.jpg]
